{"name": "test_common_request", "status": "failed", "statusDetails": {"message": "AssertionError: assert 1 == 2", "trace": "self = <test_util.test_common_api.TestCommon object at 0x0000010FA6CB7670>\n\n    def test_common_request(self):\n>       assert 1 == 2\nE       assert 1 == 2\n\ntest_report\\test_util\\test_common_api.py:12: AssertionError"}, "start": 1647134545887, "stop": 1647134545887, "uuid": "464ca72f-ba97-4f1b-a3cf-ab4a7f5685b6", "historyId": "14665629441eb0178083bd980dd197cf", "testCaseId": "c5672748cd09df69e4f5594da30b75c4", "fullName": "test_report.test_util.test_common_api.TestCommon#test_common_request", "labels": [{"name": "parentSuite", "value": "test_report.test_util"}, {"name": "suite", "value": "test_common_api"}, {"name": "subSuite", "value": "TestCommon"}, {"name": "host", "value": "DESKTOP-9V8NGGS"}, {"name": "thread", "value": "15332-MainThread"}, {"name": "framework", "value": "pytest"}, {"name": "language", "value": "cpython3"}, {"name": "package", "value": "test_report.test_util.test_common_api"}]}